<?xml version="1.0" encoding="UTF-8"?>
<testsuite xmlns:xsi="http://www.w3.org/2001/XMLSchema-instance" xsi:noNamespaceSchemaLocation="https://maven.apache.org/surefire/maven-surefire-plugin/xsd/surefire-test-report.xsd" version="3.0.2" name="com.jpsoftware.farmapp.integration.production.ProductionIntegrationTest" time="0.514" tests="4" errors="0" skipped="0" failures="0">
  <properties>
[...]
</properties>
  <testcase name="shouldReturnProductionWithAnimalSummary" classname="com.jpsoftware.farmapp.integration.production.ProductionIntegrationTest" time="0.129">
    <system-out><![CDATA[2026-04-26T22:29:17.643-03:00  INFO 56189 --- [           main] t.c.s.AnnotationConfigContextLoaderUtils : Could not detect default configuration classes for test class [com.jpsoftware.farmapp.integration.production.ProductionIntegrationTest]: ProductionIntegrationTest does not declare any static, non-private, non-final, nested classes annotated with @Configuration.
2026-04-26T22:29:17.649-03:00  INFO 56189 --- [           main] .b.t.c.SpringBootTestContextBootstrapper : Found @SpringBootConfiguration com.jpsoftware.farmapp.FarmAppApplication for test class com.jpsoftware.farmapp.integration.production.ProductionIntegrationTest
Hibernate: select pe1_0.id,pe1_0.animal_id,pe1_0.created_by,pe1_0.date,pe1_0.farm_id,pe1_0.quantity,pe1_0.status from productions pe1_0
Hibernate: select fe1_0.id,fe1_0.animal_id,fe1_0.created_by,fe1_0.date,fe1_0.farm_id,fe1_0.feed_type_id,fe1_0.quantity,fe1_0.status from feedings fe1_0
Hibernate: select ae1_0.id,ae1_0.acquisition_cost,ae1_0.birth_date,ae1_0.breed,ae1_0.farm_id,ae1_0.origin,ae1_0.sale_date,ae1_0.sale_price,ae1_0.status,ae1_0.tag from animals ae1_0
Hibernate: select fte1_0.id,fte1_0.active,fte1_0.cost_per_kg,fte1_0.farm_id,fte1_0.name from feed_types fte1_0
Hibernate: select ufae1_0.id,ufae1_0.farm_id,ufae1_0.user_id from user_farm_assignments ufae1_0
Hibernate: select fe1_0.id,fe1_0.name,fe1_0.owner_id from farms fe1_0
Hibernate: select ue1_0.id,ue1_0.active,ue1_0.avatar_url,ue1_0.email,ue1_0.name,ue1_0.password,ue1_0.role from users ue1_0
Hibernate: delete from users where id=?
Hibernate: delete from users where id=?
Hibernate: insert into users (active,avatar_url,email,name,password,role,id) values (?,?,?,?,?,?,?)
Hibernate: insert into farms (name,owner_id,id) values (?,?,?)
Hibernate: select ae1_0.id,ae1_0.acquisition_cost,ae1_0.birth_date,ae1_0.breed,ae1_0.farm_id,ae1_0.origin,ae1_0.sale_date,ae1_0.sale_price,ae1_0.status,ae1_0.tag from animals ae1_0 where ae1_0.id=?
Hibernate: insert into animals (acquisition_cost,birth_date,breed,farm_id,origin,sale_date,sale_price,status,tag,id) values (?,?,?,?,?,?,?,?,?,?)
Hibernate: select ue1_0.id,ue1_0.active,ue1_0.avatar_url,ue1_0.email,ue1_0.name,ue1_0.password,ue1_0.role from users ue1_0 where ue1_0.id=?
Hibernate: select ae1_0.id,ae1_0.acquisition_cost,ae1_0.birth_date,ae1_0.breed,ae1_0.farm_id,ae1_0.origin,ae1_0.sale_date,ae1_0.sale_price,ae1_0.status,ae1_0.tag from animals ae1_0 where ae1_0.id=?
Hibernate: select fe1_0.id from farms fe1_0 where fe1_0.id=? and fe1_0.owner_id=? fetch first ? rows only
Hibernate: select ae1_0.id,ae1_0.acquisition_cost,ae1_0.birth_date,ae1_0.breed,ae1_0.farm_id,ae1_0.origin,ae1_0.sale_date,ae1_0.sale_price,ae1_0.status,ae1_0.tag from animals ae1_0 where ae1_0.id=? and ae1_0.farm_id=?
Hibernate: select count(*) from users ue1_0 where ue1_0.id=?
Hibernate: insert into productions (animal_id,created_by,date,farm_id,quantity,status,id) values (?,?,?,?,?,?,?)
Hibernate: select ue1_0.id,ue1_0.active,ue1_0.avatar_url,ue1_0.email,ue1_0.name,ue1_0.password,ue1_0.role from users ue1_0 where ue1_0.id=?
Hibernate: select pe1_0.id,pe1_0.animal_id,pe1_0.created_by,pe1_0.date,pe1_0.farm_id,pe1_0.quantity,pe1_0.status from productions pe1_0 where pe1_0.id=? and pe1_0.status='ACTIVE'
Hibernate: select ae1_0.id,ae1_0.acquisition_cost,ae1_0.birth_date,ae1_0.breed,ae1_0.farm_id,ae1_0.origin,ae1_0.sale_date,ae1_0.sale_price,ae1_0.status,ae1_0.tag from animals ae1_0 where ae1_0.id=?
]]></system-out>
  </testcase>
  <testcase name="shouldSoftDeleteProductionThroughRealSpringContext" classname="com.jpsoftware.farmapp.integration.production.ProductionIntegrationTest" time="0.119">
    <system-out><![CDATA[Hibernate: select pe1_0.id,pe1_0.animal_id,pe1_0.created_by,pe1_0.date,pe1_0.farm_id,pe1_0.quantity,pe1_0.status from productions pe1_0
Hibernate: delete from productions where id=?
Hibernate: select fe1_0.id,fe1_0.animal_id,fe1_0.created_by,fe1_0.date,fe1_0.farm_id,fe1_0.feed_type_id,fe1_0.quantity,fe1_0.status from feedings fe1_0
Hibernate: select ae1_0.id,ae1_0.acquisition_cost,ae1_0.birth_date,ae1_0.breed,ae1_0.farm_id,ae1_0.origin,ae1_0.sale_date,ae1_0.sale_price,ae1_0.status,ae1_0.tag from animals ae1_0
Hibernate: delete from animals where id=?
Hibernate: select fte1_0.id,fte1_0.active,fte1_0.cost_per_kg,fte1_0.farm_id,fte1_0.name from feed_types fte1_0
Hibernate: select ufae1_0.id,ufae1_0.farm_id,ufae1_0.user_id from user_farm_assignments ufae1_0
Hibernate: select fe1_0.id,fe1_0.name,fe1_0.owner_id from farms fe1_0
Hibernate: delete from farms where id=?
Hibernate: select ue1_0.id,ue1_0.active,ue1_0.avatar_url,ue1_0.email,ue1_0.name,ue1_0.password,ue1_0.role from users ue1_0
Hibernate: delete from users where id=?
Hibernate: insert into users (active,avatar_url,email,name,password,role,id) values (?,?,?,?,?,?,?)
Hibernate: insert into farms (name,owner_id,id) values (?,?,?)
Hibernate: select ae1_0.id,ae1_0.acquisition_cost,ae1_0.birth_date,ae1_0.breed,ae1_0.farm_id,ae1_0.origin,ae1_0.sale_date,ae1_0.sale_price,ae1_0.status,ae1_0.tag from animals ae1_0 where ae1_0.id=?
Hibernate: insert into animals (acquisition_cost,birth_date,breed,farm_id,origin,sale_date,sale_price,status,tag,id) values (?,?,?,?,?,?,?,?,?,?)
Hibernate: select ue1_0.id,ue1_0.active,ue1_0.avatar_url,ue1_0.email,ue1_0.name,ue1_0.password,ue1_0.role from users ue1_0 where ue1_0.id=?
Hibernate: select ae1_0.id,ae1_0.acquisition_cost,ae1_0.birth_date,ae1_0.breed,ae1_0.farm_id,ae1_0.origin,ae1_0.sale_date,ae1_0.sale_price,ae1_0.status,ae1_0.tag from animals ae1_0 where ae1_0.id=?
Hibernate: select fe1_0.id from farms fe1_0 where fe1_0.id=? and fe1_0.owner_id=? fetch first ? rows only
Hibernate: select ae1_0.id,ae1_0.acquisition_cost,ae1_0.birth_date,ae1_0.breed,ae1_0.farm_id,ae1_0.origin,ae1_0.sale_date,ae1_0.sale_price,ae1_0.status,ae1_0.tag from animals ae1_0 where ae1_0.id=? and ae1_0.farm_id=?
Hibernate: select count(*) from users ue1_0 where ue1_0.id=?
Hibernate: insert into productions (animal_id,created_by,date,farm_id,quantity,status,id) values (?,?,?,?,?,?,?)
Hibernate: select ue1_0.id,ue1_0.active,ue1_0.avatar_url,ue1_0.email,ue1_0.name,ue1_0.password,ue1_0.role from users ue1_0 where ue1_0.id=?
Hibernate: select pe1_0.id,pe1_0.animal_id,pe1_0.created_by,pe1_0.date,pe1_0.farm_id,pe1_0.quantity,pe1_0.status from productions pe1_0 where pe1_0.id=?
Hibernate: update productions set animal_id=?,created_by=?,date=?,farm_id=?,quantity=?,status=? where id=?
Hibernate: select ue1_0.id,ue1_0.active,ue1_0.avatar_url,ue1_0.email,ue1_0.name,ue1_0.password,ue1_0.role from users ue1_0 where ue1_0.id=?
Hibernate: select pe1_0.id,pe1_0.animal_id,pe1_0.created_by,pe1_0.date,pe1_0.farm_id,pe1_0.quantity,pe1_0.status from productions pe1_0 where pe1_0.id=? and pe1_0.status='ACTIVE'
Hibernate: select ue1_0.id,ue1_0.active,ue1_0.avatar_url,ue1_0.email,ue1_0.name,ue1_0.password,ue1_0.role from users ue1_0 where ue1_0.id=?
Hibernate: select pe1_0.id,pe1_0.animal_id,pe1_0.created_by,pe1_0.date,pe1_0.farm_id,pe1_0.quantity,pe1_0.status from productions pe1_0 where pe1_0.status=?
]]></system-out>
  </testcase>
  <testcase name="shouldIgnoreProvidedCreateDateForWorker" classname="com.jpsoftware.farmapp.integration.production.ProductionIntegrationTest" time="0.093">
    <system-out><![CDATA[Hibernate: select pe1_0.id,pe1_0.animal_id,pe1_0.created_by,pe1_0.date,pe1_0.farm_id,pe1_0.quantity,pe1_0.status from productions pe1_0
Hibernate: delete from productions where id=?
Hibernate: select fe1_0.id,fe1_0.animal_id,fe1_0.created_by,fe1_0.date,fe1_0.farm_id,fe1_0.feed_type_id,fe1_0.quantity,fe1_0.status from feedings fe1_0
Hibernate: select ae1_0.id,ae1_0.acquisition_cost,ae1_0.birth_date,ae1_0.breed,ae1_0.farm_id,ae1_0.origin,ae1_0.sale_date,ae1_0.sale_price,ae1_0.status,ae1_0.tag from animals ae1_0
Hibernate: delete from animals where id=?
Hibernate: select fte1_0.id,fte1_0.active,fte1_0.cost_per_kg,fte1_0.farm_id,fte1_0.name from feed_types fte1_0
Hibernate: select ufae1_0.id,ufae1_0.farm_id,ufae1_0.user_id from user_farm_assignments ufae1_0
Hibernate: select fe1_0.id,fe1_0.name,fe1_0.owner_id from farms fe1_0
Hibernate: delete from farms where id=?
Hibernate: select ue1_0.id,ue1_0.active,ue1_0.avatar_url,ue1_0.email,ue1_0.name,ue1_0.password,ue1_0.role from users ue1_0
Hibernate: delete from users where id=?
Hibernate: insert into users (active,avatar_url,email,name,password,role,id) values (?,?,?,?,?,?,?)
Hibernate: insert into farms (name,owner_id,id) values (?,?,?)
Hibernate: select ae1_0.id,ae1_0.acquisition_cost,ae1_0.birth_date,ae1_0.breed,ae1_0.farm_id,ae1_0.origin,ae1_0.sale_date,ae1_0.sale_price,ae1_0.status,ae1_0.tag from animals ae1_0 where ae1_0.id=?
Hibernate: insert into animals (acquisition_cost,birth_date,breed,farm_id,origin,sale_date,sale_price,status,tag,id) values (?,?,?,?,?,?,?,?,?,?)
Hibernate: select ue1_0.id,ue1_0.active,ue1_0.avatar_url,ue1_0.email,ue1_0.name,ue1_0.password,ue1_0.role from users ue1_0 where ue1_0.id=?
Hibernate: select ae1_0.id,ae1_0.acquisition_cost,ae1_0.birth_date,ae1_0.breed,ae1_0.farm_id,ae1_0.origin,ae1_0.sale_date,ae1_0.sale_price,ae1_0.status,ae1_0.tag from animals ae1_0 where ae1_0.id=?
Hibernate: select fe1_0.id from farms fe1_0 where fe1_0.id=? and fe1_0.owner_id=? fetch first ? rows only
Hibernate: select ae1_0.id,ae1_0.acquisition_cost,ae1_0.birth_date,ae1_0.breed,ae1_0.farm_id,ae1_0.origin,ae1_0.sale_date,ae1_0.sale_price,ae1_0.status,ae1_0.tag from animals ae1_0 where ae1_0.id=? and ae1_0.farm_id=?
Hibernate: select count(*) from users ue1_0 where ue1_0.id=?
Hibernate: insert into productions (animal_id,created_by,date,farm_id,quantity,status,id) values (?,?,?,?,?,?,?)
]]></system-out>
  </testcase>
  <testcase name="shouldCreateFetchUpdateAndSummarizeProductionThroughRealSpringContext" classname="com.jpsoftware.farmapp.integration.production.ProductionIntegrationTest" time="0.156">
    <system-out><![CDATA[Hibernate: select pe1_0.id,pe1_0.animal_id,pe1_0.created_by,pe1_0.date,pe1_0.farm_id,pe1_0.quantity,pe1_0.status from productions pe1_0
Hibernate: delete from productions where id=?
Hibernate: select fe1_0.id,fe1_0.animal_id,fe1_0.created_by,fe1_0.date,fe1_0.farm_id,fe1_0.feed_type_id,fe1_0.quantity,fe1_0.status from feedings fe1_0
Hibernate: select ae1_0.id,ae1_0.acquisition_cost,ae1_0.birth_date,ae1_0.breed,ae1_0.farm_id,ae1_0.origin,ae1_0.sale_date,ae1_0.sale_price,ae1_0.status,ae1_0.tag from animals ae1_0
Hibernate: delete from animals where id=?
Hibernate: select fte1_0.id,fte1_0.active,fte1_0.cost_per_kg,fte1_0.farm_id,fte1_0.name from feed_types fte1_0
Hibernate: select ufae1_0.id,ufae1_0.farm_id,ufae1_0.user_id from user_farm_assignments ufae1_0
Hibernate: select fe1_0.id,fe1_0.name,fe1_0.owner_id from farms fe1_0
Hibernate: delete from farms where id=?
Hibernate: select ue1_0.id,ue1_0.active,ue1_0.avatar_url,ue1_0.email,ue1_0.name,ue1_0.password,ue1_0.role from users ue1_0
Hibernate: delete from users where id=?
Hibernate: insert into users (active,avatar_url,email,name,password,role,id) values (?,?,?,?,?,?,?)
Hibernate: insert into farms (name,owner_id,id) values (?,?,?)
Hibernate: select ae1_0.id,ae1_0.acquisition_cost,ae1_0.birth_date,ae1_0.breed,ae1_0.farm_id,ae1_0.origin,ae1_0.sale_date,ae1_0.sale_price,ae1_0.status,ae1_0.tag from animals ae1_0 where ae1_0.id=?
Hibernate: insert into animals (acquisition_cost,birth_date,breed,farm_id,origin,sale_date,sale_price,status,tag,id) values (?,?,?,?,?,?,?,?,?,?)
Hibernate: insert into feed_types (active,cost_per_kg,farm_id,name,id) values (?,?,?,?,?)
Hibernate: insert into feedings (animal_id,created_by,date,farm_id,feed_type_id,quantity,status,id) values (?,?,?,?,?,?,?,?)
Hibernate: select ue1_0.id,ue1_0.active,ue1_0.avatar_url,ue1_0.email,ue1_0.name,ue1_0.password,ue1_0.role from users ue1_0 where ue1_0.id=?
Hibernate: select ae1_0.id,ae1_0.acquisition_cost,ae1_0.birth_date,ae1_0.breed,ae1_0.farm_id,ae1_0.origin,ae1_0.sale_date,ae1_0.sale_price,ae1_0.status,ae1_0.tag from animals ae1_0 where ae1_0.id=?
Hibernate: select fe1_0.id from farms fe1_0 where fe1_0.id=? and fe1_0.owner_id=? fetch first ? rows only
Hibernate: select ae1_0.id,ae1_0.acquisition_cost,ae1_0.birth_date,ae1_0.breed,ae1_0.farm_id,ae1_0.origin,ae1_0.sale_date,ae1_0.sale_price,ae1_0.status,ae1_0.tag from animals ae1_0 where ae1_0.id=? and ae1_0.farm_id=?
Hibernate: select count(*) from users ue1_0 where ue1_0.id=?
Hibernate: insert into productions (animal_id,created_by,date,farm_id,quantity,status,id) values (?,?,?,?,?,?,?)
Hibernate: select ue1_0.id,ue1_0.active,ue1_0.avatar_url,ue1_0.email,ue1_0.name,ue1_0.password,ue1_0.role from users ue1_0 where ue1_0.id=?
Hibernate: select pe1_0.id,pe1_0.animal_id,pe1_0.created_by,pe1_0.date,pe1_0.farm_id,pe1_0.quantity,pe1_0.status from productions pe1_0 where pe1_0.id=? and pe1_0.status='ACTIVE'
Hibernate: select ae1_0.id,ae1_0.acquisition_cost,ae1_0.birth_date,ae1_0.breed,ae1_0.farm_id,ae1_0.origin,ae1_0.sale_date,ae1_0.sale_price,ae1_0.status,ae1_0.tag from animals ae1_0 where ae1_0.id=?
Hibernate: select ue1_0.id,ue1_0.active,ue1_0.avatar_url,ue1_0.email,ue1_0.name,ue1_0.password,ue1_0.role from users ue1_0 where ue1_0.id=?
Hibernate: select pe1_0.id,pe1_0.animal_id,pe1_0.created_by,pe1_0.date,pe1_0.farm_id,pe1_0.quantity,pe1_0.status from productions pe1_0 where pe1_0.id=?
Hibernate: select ae1_0.id,ae1_0.acquisition_cost,ae1_0.birth_date,ae1_0.breed,ae1_0.farm_id,ae1_0.origin,ae1_0.sale_date,ae1_0.sale_price,ae1_0.status,ae1_0.tag from animals ae1_0 where ae1_0.id=?
Hibernate: update productions set animal_id=?,created_by=?,date=?,farm_id=?,quantity=?,status=? where id=?
Hibernate: select ue1_0.id,ue1_0.active,ue1_0.avatar_url,ue1_0.email,ue1_0.name,ue1_0.password,ue1_0.role from users ue1_0 where ue1_0.id=?
Hibernate: select ae1_0.id,ae1_0.acquisition_cost,ae1_0.birth_date,ae1_0.breed,ae1_0.farm_id,ae1_0.origin,ae1_0.sale_date,ae1_0.sale_price,ae1_0.status,ae1_0.tag from animals ae1_0 where ae1_0.id=?
Hibernate: select coalesce(sum(pe1_0.quantity),0) from productions pe1_0 where pe1_0.animal_id=? and pe1_0.status='ACTIVE'
Hibernate: select ue1_0.id,ue1_0.active,ue1_0.avatar_url,ue1_0.email,ue1_0.name,ue1_0.password,ue1_0.role from users ue1_0 where ue1_0.id=?
Hibernate: select ae1_0.id,ae1_0.acquisition_cost,ae1_0.birth_date,ae1_0.breed,ae1_0.farm_id,ae1_0.origin,ae1_0.sale_date,ae1_0.sale_price,ae1_0.status,ae1_0.tag from animals ae1_0 where ae1_0.id=?
Hibernate: select coalesce(sum(pe1_0.quantity),0) from productions pe1_0 where pe1_0.animal_id=? and pe1_0.status='ACTIVE'
Hibernate: select coalesce(sum((fe1_0.quantity*fte1_0.cost_per_kg)),0) from feedings fe1_0 join feed_types fte1_0 on fe1_0.feed_type_id=fte1_0.id where fe1_0.animal_id=? and fe1_0.status='ACTIVE'
Hibernate: select fe1_0.id from farms fe1_0 where fe1_0.id=? and fe1_0.owner_id=? fetch first ? rows only
Hibernate: select count(*) from farms fe1_0 where fe1_0.id=?
Hibernate: select mpe1_0.id,mpe1_0.created_at,mpe1_0.created_by,mpe1_0.effective_date,mpe1_0.farm_id,mpe1_0.price from milk_prices mpe1_0 where mpe1_0.farm_id=? and mpe1_0.effective_date<=? order by mpe1_0.effective_date desc,mpe1_0.created_at desc fetch first ? rows only
]]></system-out>
  </testcase>
</testsuite>